Построение начато 02.09.2022 21:44:52.
     1>Проект "c:\Users\79374\documents\visual studio 2010\Projects\lab114\lab114\lab114.vcxproj" в узле 2 (целевые объекты build).
     1>InitializeBuildStatus:
         Создание "Debug\lab114.unsuccessfulbuild", так как было задано "AlwaysCreate".
       ClCompile:
         E:\2010\VC\bin\CL.exe /c /ZI /nologo /W3 /WX- /Od /Oy- /D WIN32 /D _DEBUG /D _CONSOLE /D _UNICODE /D UNICODE /Gm /EHsc /RTC1 /MDd /GS /fp:precise /Zc:wchar_t /Zc:forScope /Fo"Debug\\" /Fd"Debug\vc100.pdb" /Gd /TP /analyze- /errorReport:prompt lab114.cpp
         lab114.cpp
     1>c:\users\79374\documents\visual studio 2010\projects\lab114\lab114\lab114.cpp(11): warning C4244: аргумент: преобразование "time_t" в "unsigned int", возможна потеря данных
       ManifestResourceCompile:
         Для всех выходных данных обновления не требуется.
       Link:
         E:\2010\VC\bin\link.exe /ERRORREPORT:PROMPT /OUT:"c:\users\79374\documents\visual studio 2010\Projects\lab114\Debug\lab114.exe" /INCREMENTAL /NOLOGO kernel32.lib user32.lib gdi32.lib winspool.lib comdlg32.lib advapi32.lib shell32.lib ole32.lib oleaut32.lib uuid.lib odbc32.lib odbccp32.lib /MANIFEST /ManifestFile:"Debug\lab114.exe.intermediate.manifest" /MANIFESTUAC:"level='asInvoker' uiAccess='false'" /DEBUG /PDB:"c:\users\79374\documents\visual studio 2010\Projects\lab114\Debug\lab114.pdb" /SUBSYSTEM:CONSOLE /TLBID:1 /DYNAMICBASE /NXCOMPAT /IMPLIB:"c:\users\79374\documents\visual studio 2010\Projects\lab114\Debug\lab114.lib" /MACHINE:X86 Debug\lab114.exe.embed.manifest.res
         Debug\lab114.obj
         Debug\stdafx.obj
       Manifest:
         C:\Program Files (x86)\Microsoft SDKs\Windows\v7.0A\bin\mt.exe /nologo /verbose /out:"Debug\lab114.exe.embed.manifest" /manifest Debug\lab114.exe.intermediate.manifest
         Для всех выходных данных обновления не требуется.
       LinkEmbedManifest:
         Для всех выходных данных обновления не требуется.
         lab114.vcxproj -> c:\users\79374\documents\visual studio 2010\Projects\lab114\Debug\lab114.exe
       FinalizeBuildStatus:
         Файл "Debug\lab114.unsuccessfulbuild" удаляется.
         Обращение к "Debug\lab114.lastbuildstate".
     1>Построение проекта "c:\Users\79374\documents\visual studio 2010\Projects\lab114\lab114\lab114.vcxproj" завершено (целевые объекты build).

Построение успешно завершено.

Затраченное время: 00:00:00.50
