Построение начато 09.09.2022 8:31:15.
     1>Проект "C:\Users\student\Desktop\LLab1-main\lab113\lab113\lab113.vcxproj" в узле 2 (целевые объекты build).
     1>InitializeBuildStatus:
         Создание "Debug\lab113.unsuccessfulbuild", так как было задано "AlwaysCreate".
       ClCompile:
         C:\Program Files\Microsoft Visual Studio 10.0\VC\bin\CL.exe /c /ZI /nologo /W3 /WX- /Od /Oy- /D WIN32 /D _DEBUG /D _CONSOLE /D _UNICODE /D UNICODE /Gm /EHsc /RTC1 /MDd /GS /fp:precise /Zc:wchar_t /Zc:forScope /Fo"Debug\\" /Fd"Debug\vc100.pdb" /Gd /TP /analyze- /errorReport:prompt lab113.cpp
         lab113.cpp
     1>c:\users\student\desktop\llab1-main\lab113\lab113\lab113.cpp(13): warning C4244: аргумент: преобразование "time_t" в "unsigned int", возможна потеря данных
       Link:
         C:\Program Files\Microsoft Visual Studio 10.0\VC\bin\link.exe /ERRORREPORT:PROMPT /OUT:"C:\Users\student\Desktop\LLab1-main\lab113\Debug\lab113.exe" /INCREMENTAL:NO /NOLOGO kernel32.lib user32.lib gdi32.lib winspool.lib comdlg32.lib advapi32.lib shell32.lib ole32.lib oleaut32.lib uuid.lib odbc32.lib odbccp32.lib /MANIFEST /ManifestFile:"Debug\lab113.exe.intermediate.manifest" /MANIFESTUAC:"level='asInvoker' uiAccess='false'" /DEBUG /PDB:"C:\Users\student\Desktop\LLab1-main\lab113\Debug\lab113.pdb" /SUBSYSTEM:CONSOLE /TLBID:1 /DYNAMICBASE /NXCOMPAT /IMPLIB:"C:\Users\student\Desktop\LLab1-main\lab113\Debug\lab113.lib" /MACHINE:X86 Debug\lab113.obj
         Debug\stdafx.obj
     1>lab113.obj : warning LNK4075: не учитывается "/EDITANDCONTINUE" из-за спецификации "/INCREMENTAL:NO"
         lab113.vcxproj -> C:\Users\student\Desktop\LLab1-main\lab113\Debug\lab113.exe
       Manifest:
         C:\Program Files\Microsoft SDKs\Windows\v7.0A\bin\mt.exe /nologo /verbose /outputresource:"C:\Users\student\Desktop\LLab1-main\lab113\Debug\lab113.exe;#1" /manifest Debug\lab113.exe.intermediate.manifest
       FinalizeBuildStatus:
         Файл "Debug\lab113.unsuccessfulbuild" удаляется.
         Обращение к "Debug\lab113.lastbuildstate".
     1>Построение проекта "C:\Users\student\Desktop\LLab1-main\lab113\lab113\lab113.vcxproj" завершено (целевые объекты build).

Построение успешно завершено.

Затраченное время: 00:00:00.86
