Построение начато 09.09.2022 8:14:08.
     1>Проект "C:\Users\student\Desktop\LLab1-main\lab115\lab115\lab115.vcxproj" в узле 2 (целевые объекты build).
     1>InitializeBuildStatus:
         Обращение к "Debug\lab115.unsuccessfulbuild".
       ClCompile:
         Для всех выходных данных обновления не требуется.
       Link:
         C:\Program Files\Microsoft Visual Studio 10.0\VC\bin\link.exe /ERRORREPORT:PROMPT /OUT:"C:\Users\student\Desktop\LLab1-main\lab115\Debug\lab115.exe" /INCREMENTAL:NO /NOLOGO kernel32.lib user32.lib gdi32.lib winspool.lib comdlg32.lib advapi32.lib shell32.lib ole32.lib oleaut32.lib uuid.lib odbc32.lib odbccp32.lib /MANIFEST /ManifestFile:"Debug\lab115.exe.intermediate.manifest" /MANIFESTUAC:"level='asInvoker' uiAccess='false'" /DEBUG /PDB:"C:\Users\student\Desktop\LLab1-main\lab115\Debug\lab115.pdb" /SUBSYSTEM:CONSOLE /TLBID:1 /DYNAMICBASE /NXCOMPAT /IMPLIB:"C:\Users\student\Desktop\LLab1-main\lab115\Debug\lab115.lib" /MACHINE:X86 Debug\add.obj
         Debug\chistka.obj
         Debug\filtr.obj
         Debug\lab115.obj
         Debug\poisk.obj
         Debug\pokaz.obj
         Debug\stdafx.obj
     1>add.obj : warning LNK4075: не учитывается "/EDITANDCONTINUE" из-за спецификации "/INCREMENTAL:NO"
         lab115.vcxproj -> C:\Users\student\Desktop\LLab1-main\lab115\Debug\lab115.exe
       Manifest:
         C:\Program Files\Microsoft SDKs\Windows\v7.0A\bin\mt.exe /nologo /verbose /outputresource:"C:\Users\student\Desktop\LLab1-main\lab115\Debug\lab115.exe;#1" /manifest Debug\lab115.exe.intermediate.manifest
       FinalizeBuildStatus:
         Файл "Debug\lab115.unsuccessfulbuild" удаляется.
         Обращение к "Debug\lab115.lastbuildstate".
     1>Построение проекта "C:\Users\student\Desktop\LLab1-main\lab115\lab115\lab115.vcxproj" завершено (целевые объекты build).

Построение успешно завершено.

Затраченное время: 00:00:00.40
